<?xml version="1.0" encoding="UTF-8"?>
<!-- Generated by org.testng.reporters.JUnitReportReporter -->
<testsuite hostname="OJT0156998" name="com.StockAccounting.MasterScripts.NGexample" tests="2" failures="0" timestamp="12 Jul 2016 10:05:45 GMT" time="0.000" errors="0">
  <testcase name="pqr" time="0.000" classname="com.StockAccounting.MasterScripts.NGexample"/>
  <testcase name="abc" time="0.000" classname="com.StockAccounting.MasterScripts.NGexample"/>
</testsuite> <!-- com.StockAccounting.MasterScripts.NGexample -->
