<?xml version="1.0" encoding="UTF-8"?>
<!-- Generated by org.testng.reporters.JUnitReportReporter -->
<testsuite hostname="OJT0156998" name="com.StockAccounting.MasterScripts.SAExe" tests="1" failures="0" timestamp="13 Jul 2016 10:51:32 GMT" time="35.979" errors="0">
  <testcase name="LoginTest" time="35.979" classname="com.StockAccounting.MasterScripts.SAExe"/>
</testsuite> <!-- com.StockAccounting.MasterScripts.SAExe -->
